tjadrian@douleia01:~$ brew install rbenv
==> Downloading https://linuxbrew.bintray.com/bottles/m4-1.4.18.x86_64_linux.bottle.1.tar.gz
==> Downloading from https://akamai.bintray.com/15/1552dd0379252680e0c32085df6b6ab59aa32f45be389ff18620a073a8f3c78c?__g
######################################################################## 100.0%
==> Downloading https://linuxbrew.bintray.com/bottles/openssl%401.1-1.1.1k.x86_64_linux.bottle.tar.gz
==> Downloading from https://akamai.bintray.com/d7/d7b7cc5b85d3c73a07e17a25d21f5bf805112dc8df298664e51b8722dff0a667?__g
######################################################################## 100.0%
==> Downloading https://linuxbrew.bintray.com/bottles/berkeley-db-18.1.40.x86_64_linux.bottle.tar.gz
==> Downloading from https://akamai.bintray.com/99/9935bb07d8c09bc317aa61776b12b0277b136d1d5dfb65feb85c786a71a93e37?__g
######################################################################## 100.0%
==> Downloading https://linuxbrew.bintray.com/bottles/gdbm-1.19.x86_64_linux.bottle.tar.gz
==> Downloading from https://akamai.bintray.com/4a/4a7a9202e5be9030b1cba354b3f595e892be916090d9559d97740bb4dfa5481f?__g
######################################################################## 100.0%
==> Downloading https://linuxbrew.bintray.com/bottles/expat-2.2.10_1.x86_64_linux.bottle.tar.gz
==> Downloading from https://akamai.bintray.com/ad/ad63e1501da0e3015d188df3aafbe8a27c7c7127ba1a287b5593b4c1e3353923?__g
######################################################################## 100.0%
==> Downloading https://linuxbrew.bintray.com/bottles/perl-5.32.1_1.x86_64_linux.bottle.tar.gz
==> Downloading from https://akamai.bintray.com/14/141572cbbe109dec63cee8b9b84fc97f07a41027c6b8f4fad404120e95719f6e?__g
######################################################################## 100.0%
==> Downloading https://linuxbrew.bintray.com/bottles/autoconf-2.69_2.x86_64_linux.bottle.4.tar.gz
==> Downloading from https://akamai.bintray.com/a8/a884e59c2b63ff27d2a76a7e343d7dda0464a72e88fcc8cc7b520c3e52e4d61f?__g
######################################################################## 100.0%
==> Downloading https://linuxbrew.bintray.com/bottles/pkg-config-0.29.2_4.x86_64_linux.bottle.tar.gz
==> Downloading from https://akamai.bintray.com/bc/bc8ac04f3d8e42a748f40544f8e1b7f2471f32608f33e666e903d6108eb4dab2?__g
######################################################################## 100.0%
==> Downloading https://linuxbrew.bintray.com/bottles/ncurses-6.2.x86_64_linux.bottle.tar.gz
==> Downloading from https://akamai.bintray.com/fc/fc5a0983a8afae8ef46945f3bec9dba9d66e81e879027d100d05088ea6f8043d?__g
######################################################################## 100.0%
==> Downloading https://linuxbrew.bintray.com/bottles/readline-8.1.x86_64_linux.bottle.tar.gz
==> Downloading from https://akamai.bintray.com/cf/cf7ae93f4dc5560c7c7fac35d3fbb7f528a43f3084daf2273e67032d131bdb04?__g
######################################################################## 100.0%
==> Downloading https://github.com/rbenv/ruby-build/archive/v20210309.tar.gz
==> Downloading from https://codeload.github.com/rbenv/ruby-build/tar.gz/v20210309
######################################################################## 100.0%
==> Downloading https://linuxbrew.bintray.com/bottles/rbenv-1.1.2.x86_64_linux.bottle.tar.gz
######################################################################## 100.0%
==> Installing dependencies for rbenv: m4, openssl@1.1, berkeley-db, gdbm, expat, perl, autoconf, pkg-config, ncurses, readline and ruby-build
==> Installing rbenv dependency: m4
==> Pouring m4-1.4.18.x86_64_linux.bottle.1.tar.gz
ðŸº  /home/linuxbrew/.linuxbrew/Cellar/m4/1.4.18: 13 files, 637.8KB
==> Installing rbenv dependency: openssl@1.1
==> Pouring openssl@1.1-1.1.1k.x86_64_linux.bottle.tar.gz
==> Downloading https://curl.haxx.se/ca/cacert-2020-01-01.pem
==> Downloading from https://curl.se/ca/cacert-2020-01-01.pem
######################################################################## 100.0%
==> Caveats
A CA file has been bootstrapped using certificates from the system
keychain. To add additional certificates, place .pem files in
  /home/linuxbrew/.linuxbrew/etc/openssl@1.1/certs

and run
  /home/linuxbrew/.linuxbrew/opt/openssl@1.1/bin/c_rehash
==> Summary
ðŸº  /home/linuxbrew/.linuxbrew/Cellar/openssl@1.1/1.1.1k: 8,385 files, 24.3MB
==> Installing rbenv dependency: berkeley-db
==> Pouring berkeley-db-18.1.40.x86_64_linux.bottle.tar.gz
ðŸº  /home/linuxbrew/.linuxbrew/Cellar/berkeley-db/18.1.40: 44 files, 8MB
==> Installing rbenv dependency: gdbm
==> Pouring gdbm-1.19.x86_64_linux.bottle.tar.gz
ðŸº  /home/linuxbrew/.linuxbrew/Cellar/gdbm/1.19: 40 files, 1.1MB
==> Installing rbenv dependency: expat
==> Pouring expat-2.2.10_1.x86_64_linux.bottle.tar.gz
ðŸº  /home/linuxbrew/.linuxbrew/Cellar/expat/2.2.10_1: 17 files, 748.6KB
==> Installing rbenv dependency: perl
==> Pouring perl-5.32.1_1.x86_64_linux.bottle.tar.gz
==> Caveats
By default non-brewed cpan modules are installed to the Cellar. If you wish
for your modules to persist across updates we recommend using `local::lib`.

You can set that up like this:
  PERL_MM_OPT="INSTALL_BASE=$HOME/perl5" cpan local::lib
  echo 'eval "$(perl -I$HOME/perl5/lib/perl5 -Mlocal::lib=$HOME/perl5)"' >> ~/.profile
==> Summary
ðŸº  /home/linuxbrew/.linuxbrew/Cellar/perl/5.32.1_1: 2,471 files, 71.8MB
==> Installing rbenv dependency: autoconf
==> Pouring autoconf-2.69_2.x86_64_linux.bottle.4.tar.gz
ðŸº  /home/linuxbrew/.linuxbrew/Cellar/autoconf/2.69_2: 67 files, 3MB
==> Installing rbenv dependency: pkg-config
==> Pouring pkg-config-0.29.2_4.x86_64_linux.bottle.tar.gz
ðŸº  /home/linuxbrew/.linuxbrew/Cellar/pkg-config/0.29.2_4: 11 files, 744.2KB
==> Installing rbenv dependency: ncurses
==> Pouring ncurses-6.2.x86_64_linux.bottle.tar.gz
ðŸº  /home/linuxbrew/.linuxbrew/Cellar/ncurses/6.2: 3,901 files, 9.5MB
==> Installing rbenv dependency: readline
==> Pouring readline-8.1.x86_64_linux.bottle.tar.gz
ðŸº  /home/linuxbrew/.linuxbrew/Cellar/readline/8.1: 48 files, 2.0MB
==> Installing rbenv dependency: ruby-build
==> ./install.sh
==> Caveats
ruby-build installs a non-Homebrew OpenSSL for each Ruby version installed and these are never upgraded.

To link Rubies to Homebrew's OpenSSL 1.1 (which is upgraded) add the following
to your ~/.profile:
  export RUBY_CONFIGURE_OPTS="--with-openssl-dir=$(brew --prefix openssl@1.1)"

Note: this may interfere with building old versions of Ruby (e.g <2.4) that use
OpenSSL <1.1.
==> Summary
ðŸº  /home/linuxbrew/.linuxbrew/Cellar/ruby-build/20210309: 522 files, 279.9KB, built in 2 seconds
==> Installing rbenv
==> Pouring rbenv-1.1.2.x86_64_linux.bottle.tar.gz
ðŸº  /home/linuxbrew/.linuxbrew/Cellar/rbenv/1.1.2: 36 files, 100.7KB
==> Caveats
==> openssl@1.1
A CA file has been bootstrapped using certificates from the system
keychain. To add additional certificates, place .pem files in
  /home/linuxbrew/.linuxbrew/etc/openssl@1.1/certs

and run
  /home/linuxbrew/.linuxbrew/opt/openssl@1.1/bin/c_rehash
==> perl
By default non-brewed cpan modules are installed to the Cellar. If you wish
for your modules to persist across updates we recommend using `local::lib`.

You can set that up like this:
  PERL_MM_OPT="INSTALL_BASE=$HOME/perl5" cpan local::lib
  echo 'eval "$(perl -I$HOME/perl5/lib/perl5 -Mlocal::lib=$HOME/perl5)"' >> ~/.profile
==> ruby-build
ruby-build installs a non-Homebrew OpenSSL for each Ruby version installed and these are never upgraded.

To link Rubies to Homebrew's OpenSSL 1.1 (which is upgraded) add the following
to your ~/.profile:
  export RUBY_CONFIGURE_OPTS="--with-openssl-dir=$(brew --prefix openssl@1.1)"

Note: this may interfere with building old versions of Ruby (e.g <2.4) that use
OpenSSL <1.1.

