tjadrian@douleia01:~/software/sites/fifthdemo$ yarn add bootstrap@5.0.0-beta3
yarn add v1.22.5
[1/4] Resolving packages...
[2/4] Fetching packages...
info fsevents@2.3.2: The platform "linux" is incompatible with this module.
info "fsevents@2.3.2" is an optional dependency and failed compatibility check. Excluding it from installation.
info fsevents@1.2.13: The platform "linux" is incompatible with this module.
info "fsevents@1.2.13" is an optional dependency and failed compatibility check. Excluding it from installation.
[3/4] Linking dependencies...
warning " > webpack-dev-server@3.11.2" has unmet peer dependency "webpack@^4.0.0 || ^5.0.0".
warning "webpack-dev-server > webpack-dev-middleware@3.7.3" has unmet peer dependency "webpack@^4.0.0 || ^5.0.0".
warning " > bootstrap@5.0.0-beta3" has unmet peer dependency "@popperjs/core@^2.9.1".
[4/4] Building fresh packages...
success Saved lockfile.
success Saved 1 new dependency.
info Direct dependencies
└─ bootstrap@5.0.0-beta3
info All dependencies
└─ bootstrap@5.0.0-beta3
Done in 8.29s.
tjadrian@douleia01:~/software/sites/fifthdemo$ vi
tjadrian@douleia01:~/software/sites/fifthdemo$ yarn add @popperjs/core@2
yarn add v1.22.5
[1/4] Resolving packages...
[2/4] Fetching packages...
info fsevents@2.3.2: The platform "linux" is incompatible with this module.
info "fsevents@2.3.2" is an optional dependency and failed compatibility check. Excluding it from installation.
info fsevents@1.2.13: The platform "linux" is incompatible with this module.
info "fsevents@1.2.13" is an optional dependency and failed compatibility check. Excluding it from installation.
[3/4] Linking dependencies...
warning " > webpack-dev-server@3.11.2" has unmet peer dependency "webpack@^4.0.0 || ^5.0.0".
warning "webpack-dev-server > webpack-dev-middleware@3.7.3" has unmet peer dependency "webpack@^4.0.0 || ^5.0.0".
[4/4] Building fresh packages...
success Saved lockfile.
success Saved 1 new dependency.
info Direct dependencies
└─ @popperjs/core@2.9.1
info All dependencies
└─ @popperjs/core@2
